[2026-04-01T16:59:51.000] [INFO] default - Connecting to Database
[2026-04-01T16:59:51.167] [INFO] default - Setting Middleware
[2026-04-01T16:59:51.171] [INFO] default - Setting API
[2026-04-01T17:01:45.119] [INFO] default - Connecting to Database
[2026-04-01T17:01:45.232] [INFO] default - Setting Middleware
[2026-04-01T17:01:45.246] [INFO] default - Setting API
[2026-04-01T17:01:59.650] [INFO] default - Connecting to Database
[2026-04-01T17:01:59.806] [INFO] default - Setting Middleware
[2026-04-01T17:01:59.812] [INFO] default - Setting API
[2026-04-01T17:06:08.825] [INFO] default - {
  productId: '7e55db35-ab43-4379-9c5c-2a39f48a8c87',
  name: 'Milk',
  price: 30,
  category: 'dairy',
  manufacturingDate: 2026-04-01T11:36:08.790Z,
  expiryDate: 2026-04-11T11:36:08.790Z,
  _id: new ObjectId('69cd032899f0ee6318530130'),
  createdAt: 2026-04-01T11:36:08.802Z,
  __v: 0
}
[2026-04-01T17:08:38.036] [INFO] default - Connecting to Database
[2026-04-01T17:08:38.101] [INFO] default - Setting Middleware
[2026-04-01T17:08:38.170] [INFO] default - Setting API
[2026-04-01T17:09:01.580] [INFO] default - Connecting to Database
[2026-04-01T17:09:01.867] [INFO] default - Setting Middleware
[2026-04-01T17:09:01.916] [INFO] default - Setting API
